2024-07-01 15:02:06 INFO  TestBase:13 - invoking the page factory
  2024-07-01 15:16:57 INFO  TestBase:15 - invoking the page factory
  2024-07-01 15:28:56 INFO  TestBase:15 - invoking the page factory
  2024-07-01 15:36:20 INFO  TestBase:15 - invoking the page factory
  2024-07-01 15:50:01 INFO  TestBase:14 - invoking the page factory
  2024-07-01 15:54:26 INFO  TestBase:14 - invoking the page factory
  2024-07-01 15:55:20 INFO  TestBase:14 - invoking the page factory
  2024-07-01 15:57:02 INFO  TestBase:14 - invoking the page factory
  2024-07-01 16:04:41 INFO  TestBase:14 - invoking the page factory
  2024-07-01 16:04:42 INFO  TestBase:35 - homepage test method invoking
  2024-07-01 16:04:42 INFO  TestBase:44 - here states list method invoking
  2024-07-01 16:05:11 INFO  TestBase:14 - invoking the page factory
  2024-07-01 16:07:26 INFO  TestBase:14 - invoking the page factory
  2024-07-01 16:08:31 INFO  TestBase:14 - invoking the page factory
  2024-07-01 16:11:50 INFO  TestBase:14 - invoking the page factory
  2024-07-01 16:28:11 INFO  TestBase:14 - invoking the page factory
  2024-07-01 16:43:22 INFO  TestBase:14 - invoking the page factory
  2024-07-01 16:43:22 INFO  TestBase:30 - this verifyProductIcon method 
  2024-07-01 16:45:15 INFO  TestBase:14 - invoking the page factory
  2024-07-01 16:45:15 INFO  TestBase:30 - this verifyProductIcon method 
  2024-07-01 16:46:21 INFO  TestBase:14 - invoking the page factory
  2024-07-01 16:46:21 INFO  TestBase:36 - homepage test method invoking
  2024-07-01 16:46:21 INFO  TestBase:46 - here states list method invoking
  2024-07-01 16:47:24 INFO  TestBase:14 - invoking the page factory
  2024-07-01 16:47:24 INFO  TestBase:30 - this verifyProductIcon method 
  2024-07-01 16:47:53 INFO  TestBase:14 - invoking the page factory
  2024-07-01 16:47:53 INFO  TestBase:30 - this verifyProductIcon method 
  2024-07-01 16:51:56 INFO  TestBase:14 - invoking the page factory
  2024-07-01 16:51:56 INFO  TestBase:30 - this verifyProductIcon method 
  2024-07-01 16:52:44 INFO  TestBase:14 - invoking the page factory
  2024-07-01 16:52:44 INFO  TestBase:30 - this verifyProductIcon method 
  2024-07-01 17:00:09 INFO  TestBase:14 - invoking the page factory
  2024-07-01 17:00:10 INFO  TestBase:30 - this verifyProductIcon method 
  2024-07-01 17:02:09 INFO  TestBase:14 - invoking the page factory
  2024-07-01 17:02:09 INFO  TestBase:30 - this verifyProductIcon method 
  2024-07-01 17:09:14 INFO  TestBase:14 - invoking the page factory
  2024-07-01 17:09:14 INFO  TestBase:32 - this verifyProductIcon method 
  2024-07-01 17:09:14 INFO  TestBase:27 - test fail msg...
  2024-07-01 17:09:14 INFO  TestBase:24 - this is fail test method from util class
  2024-07-01 17:09:26 INFO  TestBase:14 - invoking the page factory
  2024-07-01 17:09:26 INFO  TestBase:38 - homepage test method invoking
  2024-07-01 17:09:26 INFO  TestBase:54 - here states list method invoking
  2024-07-01 17:09:46 INFO  TestBase:27 - test fail msg...
  2024-07-01 17:09:46 INFO  TestBase:24 - this is fail test method from util class
  2024-07-01 17:18:03 INFO  TestBase:14 - invoking the page factory
  2024-07-01 17:18:04 INFO  TestBase:40 - homepage test method invoking
  2024-07-01 17:18:04 INFO  TestBase:53 - here states list method invoking
  2024-07-01 17:18:24 INFO  TestBase:27 - test fail msg...
  2024-07-01 17:18:24 INFO  TestBase:24 - this is fail test method from util class
  2024-07-01 17:19:10 INFO  TestBase:14 - invoking the page factory
  2024-07-01 17:19:11 INFO  TestBase:40 - homepage test method invoking
  2024-07-01 17:19:11 INFO  TestBase:53 - here states list method invoking
  2024-07-01 17:19:31 INFO  TestBase:27 - test fail msg...
  2024-07-01 17:19:31 INFO  TestBase:24 - this is fail test method from util class
  2024-07-01 17:20:25 INFO  TestBase:14 - invoking the page factory
  2024-07-01 17:20:25 INFO  TestBase:40 - homepage test method invoking
  2024-07-01 17:20:25 INFO  TestBase:53 - here states list method invoking
  2024-07-01 17:21:11 INFO  TestBase:14 - invoking the page factory
  2024-07-01 17:21:11 INFO  TestBase:40 - homepage test method invoking
  2024-07-01 17:21:11 INFO  TestBase:53 - here states list method invoking
  2024-07-01 17:21:51 INFO  TestBase:14 - invoking the page factory
  2024-07-01 17:21:51 INFO  TestBase:40 - homepage test method invoking
  2024-07-01 17:21:51 INFO  TestBase:53 - here states list method invoking
  2024-07-01 17:22:11 INFO  TestBase:27 - test fail msg...
  2024-07-01 17:22:11 INFO  TestBase:24 - this is fail test method from util class
  2024-07-08 13:26:33 INFO  TestBase:14 - invoking the page factory
  2024-07-08 13:26:33 INFO  TestBase:40 - homepage test method invoking
  2024-07-08 13:26:33 INFO  TestBase:53 - here states list method invoking
  2024-07-08 13:26:53 INFO  TestBase:27 - test fail msg...
  2024-07-08 13:26:53 INFO  TestBase:24 - this is fail test method from util class
  2024-07-08 13:27:42 INFO  TestBase:14 - invoking the page factory
  2024-07-08 13:27:42 INFO  TestBase:33 - this verifyProductIcon method 
  2024-07-08 13:27:42 INFO  TestBase:27 - test fail msg...
  2024-07-08 13:27:42 INFO  TestBase:24 - this is fail test method from util class
  2024-07-08 13:47:36 INFO  TestBase:14 - invoking the page factory
  2024-07-08 13:47:36 INFO  TestBase:33 - this verifyProductIcon method 
  2024-07-08 13:47:36 INFO  TestBase:27 - test fail msg...
  2024-07-08 13:47:37 INFO  TestBase:24 - this is fail test method from util class
  2024-07-08 13:53:31 INFO  TestBase:14 - invoking the page factory
  2024-07-08 13:53:32 INFO  TestBase:33 - this verifyProductIcon method 
  2024-07-08 13:53:35 INFO  TestBase:27 - test fail msg...
  2024-07-08 13:53:35 INFO  TestBase:24 - this is fail test method from util class
  2024-07-08 13:56:09 INFO  TestBase:14 - invoking the page factory
  2024-07-08 13:56:09 INFO  TestBase:33 - this verifyProductIcon method 
  2024-07-08 13:56:13 INFO  TestBase:27 - test fail msg...
  2024-07-08 13:56:13 INFO  TestBase:24 - this is fail test method from util class
  2024-07-08 13:58:00 INFO  TestBase:14 - invoking the page factory
  2024-07-08 13:58:01 INFO  TestBase:33 - this verifyProductIcon method 
  2024-07-08 13:58:04 INFO  TestBase:27 - test fail msg...
  2024-07-08 13:58:04 INFO  TestBase:24 - this is fail test method from util class
  2024-07-08 14:01:28 INFO  TestBase:14 - invoking the page factory
  2024-07-08 14:01:29 INFO  TestBase:33 - this verifyProductIcon method 
  2024-07-08 14:01:59 INFO  TestBase:14 - invoking the page factory
  2024-07-08 14:01:59 INFO  TestBase:41 - homepage test method invoking
  2024-07-08 14:01:59 INFO  TestBase:53 - here states list method invoking
  2024-07-08 14:02:19 INFO  TestBase:27 - test fail msg...
  2024-07-08 14:02:19 INFO  TestBase:24 - this is fail test method from util class
  2024-07-08 14:25:33 INFO  TestBase:14 - invoking the page factory
  2024-07-08 14:25:33 INFO  TestBase:41 - homepage test method invoking
  2024-07-08 14:25:33 INFO  TestBase:53 - here states list method invoking
  2024-07-08 14:25:59 INFO  TestBase:27 - test fail msg...
  2024-07-08 14:25:59 INFO  TestBase:24 - this is fail test method from util class
  2024-07-08 14:28:58 INFO  TestBase:14 - invoking the page factory
  2024-07-08 14:28:59 INFO  TestBase:41 - homepage test method invoking
  2024-07-08 14:28:59 INFO  TestBase:53 - here states list method invoking
  2024-07-08 14:29:19 INFO  TestBase:27 - test fail msg...
  2024-07-08 14:29:19 INFO  TestBase:24 - this is fail test method from util class
  2024-07-08 14:30:15 INFO  TestBase:14 - invoking the page factory
  2024-07-08 14:30:15 INFO  TestBase:41 - homepage test method invoking
  2024-07-08 14:30:15 INFO  TestBase:53 - here states list method invoking
  2024-07-08 14:30:41 INFO  TestBase:27 - test fail msg...
  2024-07-08 14:30:41 INFO  TestBase:24 - this is fail test method from util class
  2024-07-08 14:37:12 INFO  TestBase:15 - invoking the page factory
  2024-07-08 14:37:13 INFO  TestBase:33 - this verifyProductIcon method 
  2024-07-08 14:37:13 INFO  TestBase:27 - test fail msg...
  2024-07-08 14:37:13 INFO  TestBase:24 - this is fail test method from util class
  2024-07-08 14:37:13 INFO  TestBase:27 - test fail msg...
  2024-07-08 14:37:13 INFO  TestBase:24 - this is fail test method from util class
  2024-07-08 14:37:34 INFO  TestBase:15 - invoking the page factory
  2024-07-08 14:37:34 INFO  TestBase:41 - homepage test method invoking
  2024-07-08 14:37:34 INFO  TestBase:55 - here states list method invoking
  2024-07-08 14:37:59 INFO  TestBase:27 - test fail msg...
  2024-07-08 14:37:59 INFO  TestBase:24 - this is fail test method from util class
  2024-07-08 14:45:17 INFO  TestBase:15 - invoking the page factory
  2024-07-08 14:45:17 INFO  TestBase:41 - homepage test method invoking
  2024-07-08 14:45:17 INFO  TestBase:55 - here states list method invoking
  2024-07-08 14:45:48 INFO  TestBase:27 - test fail msg...
  2024-07-08 14:45:48 INFO  TestBase:24 - this is fail test method from util class
  2024-07-08 15:36:43 INFO  TestBase:18 - invoking the page factory
  2024-07-08 15:36:43 INFO  TestBase:41 - this verifyProductBar method 
  2024-07-08 15:37:08 INFO  TestBase:18 - invoking the page factory
  2024-07-08 15:37:08 INFO  TestBase:41 - this verifyProductBar method 
  2024-07-08 15:44:47 INFO  TestBase:18 - invoking the page factory
  2024-07-08 15:44:47 INFO  TestBase:41 - this verifyProductBar method 
  2024-07-08 15:54:17 INFO  TestBase:18 - invoking the page factory
  2024-07-08 15:54:18 INFO  TestBase:32 -  get title from homepageTest class....
  2024-07-08 15:54:18 INFO  TestBase:50 - returning get title....
  2024-07-08 15:55:06 INFO  TestBase:18 - invoking the page factory
  2024-07-08 15:55:06 INFO  TestBase:32 -  get title from homepageTest class....
  2024-07-08 15:55:06 INFO  TestBase:50 - returning get title....
  2024-07-08 16:41:40 INFO  TestBase:18 - invoking the page factory
  2024-07-08 16:41:40 INFO  TestBase:51 - this verifyProductBar method 
  2024-07-08 16:44:56 INFO  TestBase:18 - invoking the page factory
  2024-07-08 16:44:56 INFO  TestBase:51 - this verifyProductBar method 
  2024-07-08 16:44:56 INFO  TestBase:27 - test fail msg...
  2024-07-08 16:44:56 INFO  TestBase:24 - this is fail test method from util class
  2024-07-08 16:45:42 INFO  TestBase:18 - invoking the page factory
  2024-07-08 16:45:43 INFO  TestBase:51 - this verifyProductBar method 
  2024-07-08 16:45:43 INFO  TestBase:27 - test fail msg...
  2024-07-08 16:45:43 INFO  TestBase:24 - this is fail test method from util class
  2024-07-08 16:50:24 INFO  TestBase:18 - invoking the page factory
  2024-07-08 16:50:25 INFO  TestBase:51 - this verifyProductBar method 
  2024-07-08 16:50:25 INFO  TestBase:27 - test fail msg...
  2024-07-08 16:50:25 INFO  TestBase:24 - this is fail test method from util class
  2024-07-08 16:50:25 INFO  TestBase:27 - test fail msg...
  2024-07-08 16:50:25 INFO  TestBase:24 - this is fail test method from util class
  2024-07-08 16:50:42 INFO  TestBase:18 - invoking the page factory
  2024-07-08 16:50:43 INFO  TestBase:51 - this verifyProductBar method 
  2024-07-08 16:50:54 INFO  TestBase:27 - test fail msg...
  2024-07-08 16:50:54 INFO  TestBase:24 - this is fail test method from util class
  2024-07-08 17:04:50 INFO  TestBase:13 - invoking residential the page factory
  2024-07-08 17:06:29 INFO  TestBase:13 - invoking residential the page factory
  2024-07-08 17:14:22 INFO  TestBase:13 - invoking residential the page factory
  2024-07-08 17:22:47 INFO  TestBase:18 - invoking homepage the page factory
  2024-07-08 17:22:47 INFO  TestBase:13 - invoking residential the page factory
  2024-07-08 17:22:48 INFO  TestBase:34 -  get title from homepageTest class....
  2024-07-08 17:22:48 INFO  TestBase:57 - returning get title....
  2024-07-08 17:22:55 INFO  TestBase:18 - invoking homepage the page factory
  2024-07-08 17:22:55 INFO  TestBase:13 - invoking residential the page factory
  2024-07-08 17:22:55 INFO  TestBase:42 - this verifyProductIcon method 
  2024-07-08 17:22:56 INFO  TestBase:62 -  get product icon....
  2024-07-08 17:23:00 INFO  TestBase:18 - invoking homepage the page factory
  2024-07-08 17:23:00 INFO  TestBase:13 - invoking residential the page factory
  2024-07-08 17:23:00 INFO  TestBase:50 - this verifyProductBar method 
  2024-07-08 17:23:07 INFO  TestBase:13 - invoking residential the page factory
  2024-07-08 17:23:37 INFO  TestBase:18 - invoking homepage the page factory
  2024-07-08 17:23:37 INFO  TestBase:13 - invoking residential the page factory
  2024-07-08 17:23:37 INFO  TestBase:56 - homepage test method invoking
  2024-07-08 17:23:37 INFO  TestBase:89 - here states list method invoking
  2024-07-08 17:24:07 INFO  TestBase:27 - test fail msg...
  2024-07-08 17:24:07 INFO  TestBase:24 - this is fail test method from util class
  2024-07-08 17:24:09 INFO  TestBase:13 - invoking residential the page factory
  2024-07-08 17:24:23 INFO  TestBase:13 - invoking residential the page factory
  2024-07-08 17:24:23 INFO  TestBase:25 - clicking on range brochure box...
  2024-07-08 17:24:43 INFO  TestBase:27 - test fail msg...
  2024-07-08 17:24:43 INFO  TestBase:24 - this is fail test method from util class
  2024-07-08 17:31:31 INFO  TestBase:13 - invoking residential the page factory
  2024-07-08 17:36:26 INFO  TestBase:18 - invoking homepage the page factory
  2024-07-08 17:36:26 INFO  TestBase:13 - invoking residential the page factory
  2024-07-08 17:36:27 INFO  TestBase:13 - invoking residential the page factory
  2024-07-08 17:36:39 INFO  TestBase:18 - invoking homepage the page factory
  2024-07-08 17:36:39 INFO  TestBase:13 - invoking residential the page factory
  2024-07-08 17:36:40 INFO  TestBase:13 - invoking residential the page factory
  2024-07-08 17:36:40 INFO  TestBase:25 - clicking on range brochure box...
  2024-07-08 17:37:33 INFO  TestBase:13 - invoking residential the page factory
  2024-07-08 17:38:02 INFO  TestBase:13 - invoking residential the page factory
  2024-07-08 17:38:21 INFO  TestBase:18 - invoking homepage the page factory
  2024-07-08 17:38:21 INFO  TestBase:13 - invoking residential the page factory
  2024-07-08 17:38:27 INFO  TestBase:13 - invoking residential the page factory
  2024-07-08 17:38:39 INFO  TestBase:18 - invoking homepage the page factory
  2024-07-08 17:38:39 INFO  TestBase:13 - invoking residential the page factory
  2024-07-08 17:38:39 INFO  TestBase:13 - invoking residential the page factory
  2024-07-08 17:38:39 INFO  TestBase:25 - clicking on range brochure box...
  2024-07-08 17:52:36 INFO  TestBase:18 - invoking homepage the page factory
  2024-07-08 17:52:36 INFO  TestBase:13 - invoking residential the page factory
  2024-07-08 17:52:36 INFO  TestBase:34 -  get title from homepageTest class....
  2024-07-08 17:52:36 INFO  TestBase:59 - returning get title....
  2024-07-08 17:52:38 INFO  TestBase:18 - invoking homepage the page factory
  2024-07-08 17:52:38 INFO  TestBase:13 - invoking residential the page factory
  2024-07-08 17:52:38 INFO  TestBase:42 - this verifyProductIcon method 
  2024-07-08 17:52:38 INFO  TestBase:64 -  get product icon....
  2024-07-08 17:52:47 INFO  TestBase:27 - test fail msg...
  2024-07-08 17:52:47 INFO  TestBase:24 - this is fail test method from util class
  2024-07-08 17:52:54 INFO  TestBase:18 - invoking homepage the page factory
  2024-07-08 17:52:54 INFO  TestBase:13 - invoking residential the page factory
  2024-07-08 17:52:54 INFO  TestBase:50 - this verifyProductBar method 
  2024-07-08 17:52:55 INFO  TestBase:13 - invoking residential the page factory
  2024-07-08 17:53:03 INFO  TestBase:18 - invoking homepage the page factory
  2024-07-08 17:53:03 INFO  TestBase:13 - invoking residential the page factory
  2024-07-08 17:53:03 INFO  TestBase:13 - invoking residential the page factory
  2024-07-08 17:53:03 INFO  TestBase:31 -  get title from homepageTest class....
  2024-07-08 17:53:18 INFO  TestBase:18 - invoking homepage the page factory
  2024-07-08 17:53:18 INFO  TestBase:13 - invoking residential the page factory
  2024-07-08 17:53:18 INFO  TestBase:13 - invoking residential the page factory
  2024-07-08 17:53:18 INFO  TestBase:38 - this verifyRangeBrochure  method ....
  2024-07-08 17:53:18 INFO  TestBase:25 - clicking on range brochure box...
  2024-07-08 17:54:11 INFO  TestBase:18 - invoking homepage the page factory
  2024-07-08 17:54:11 INFO  TestBase:13 - invoking residential the page factory
  2024-07-08 17:54:11 INFO  TestBase:42 - this verifyProductIcon method 
  2024-07-08 17:54:11 INFO  TestBase:64 -  get product icon....
  2024-07-08 17:54:15 INFO  TestBase:27 - test fail msg...
  2024-07-08 17:54:15 INFO  TestBase:24 - this is fail test method from util class
  2024-07-08 17:54:41 INFO  TestBase:18 - invoking homepage the page factory
  2024-07-08 17:54:41 INFO  TestBase:13 - invoking residential the page factory
  2024-07-08 17:54:41 INFO  TestBase:42 - this verifyProductIcon method 
  2024-07-08 17:54:42 INFO  TestBase:64 -  get product icon....
  2024-07-09 14:53:43 INFO  TestBase:18 - invoking homepage the page factory
  2024-07-09 14:53:43 INFO  TestBase:13 - invoking residential the page factory
  2024-07-09 14:53:43 INFO  TestBase:34 -  get title from homepageTest class....
  2024-07-09 14:53:43 INFO  TestBase:59 - returning get title....
  2024-07-09 14:53:54 INFO  TestBase:18 - invoking homepage the page factory
  2024-07-09 14:53:54 INFO  TestBase:13 - invoking residential the page factory
  2024-07-09 14:53:54 INFO  TestBase:42 - this verifyProductIcon method 
  2024-07-09 14:53:54 INFO  TestBase:64 -  get product icon....
  2024-07-09 14:54:07 INFO  TestBase:18 - invoking homepage the page factory
  2024-07-09 14:54:07 INFO  TestBase:13 - invoking residential the page factory
  2024-07-09 14:54:07 INFO  TestBase:50 - this verifyProductBar method 
  2024-07-09 14:54:08 INFO  TestBase:13 - invoking residential the page factory
  2024-07-09 14:57:05 INFO  TestBase:18 - invoking homepage the page factory
  2024-07-09 14:57:05 INFO  TestBase:13 - invoking residential the page factory
  2024-07-09 14:57:05 INFO  TestBase:34 -  get title from homepageTest class....
  2024-07-09 14:57:05 INFO  TestBase:59 - returning get title....
  2024-07-09 14:57:14 INFO  TestBase:18 - invoking homepage the page factory
  2024-07-09 14:57:14 INFO  TestBase:13 - invoking residential the page factory
  2024-07-09 14:57:14 INFO  TestBase:42 - this verifyProductIcon method 
  2024-07-09 14:57:14 INFO  TestBase:64 -  get product icon....
  2024-07-09 14:57:17 INFO  TestBase:27 - test fail msg...
  2024-07-09 14:57:17 INFO  TestBase:24 - this is fail test method from util class
  2024-07-09 14:57:30 INFO  TestBase:18 - invoking homepage the page factory
  2024-07-09 14:57:30 INFO  TestBase:13 - invoking residential the page factory
  2024-07-09 14:57:30 INFO  TestBase:50 - this verifyProductBar method 
  2024-07-09 14:57:31 INFO  TestBase:13 - invoking residential the page factory
  2024-07-09 14:58:01 INFO  TestBase:18 - invoking homepage the page factory
  2024-07-09 14:58:01 INFO  TestBase:13 - invoking residential the page factory
  2024-07-09 14:58:01 INFO  TestBase:13 - invoking residential the page factory
  2024-07-09 14:58:01 INFO  TestBase:31 -  get title from homepageTest class....
  2024-07-09 14:58:01 INFO  TestBase:27 - test fail msg...
  2024-07-09 14:58:01 INFO  TestBase:24 - this is fail test method from util class
  2024-07-09 14:58:20 INFO  TestBase:18 - invoking homepage the page factory
  2024-07-09 14:58:20 INFO  TestBase:13 - invoking residential the page factory
  2024-07-09 14:58:20 INFO  TestBase:13 - invoking residential the page factory
  2024-07-09 14:58:20 INFO  TestBase:38 - this verifyRangeBrochure  method ....
  2024-07-09 14:58:20 INFO  TestBase:25 - clicking on range brochure box...
  2024-07-09 14:59:17 INFO  TestBase:18 - invoking homepage the page factory
  2024-07-09 14:59:17 INFO  TestBase:13 - invoking residential the page factory
  2024-07-09 14:59:17 INFO  TestBase:42 - this verifyProductIcon method 
  2024-07-09 14:59:18 INFO  TestBase:64 -  get product icon....
  2024-07-09 15:14:12 INFO  TestBase:18 - invoking homepage the page factory
  2024-07-09 15:14:12 INFO  TestBase:13 - invoking residential the page factory
  2024-07-09 15:14:12 INFO  TestBase:13 - invoking residential the page factory
  2024-07-09 15:14:12 INFO  TestBase:31 -  get title from homepageTest class....
  2024-07-09 15:46:15 INFO  TestBase:18 - invoking homepage the page factory
  2024-07-09 15:46:15 INFO  TestBase:13 - invoking residential the page factory
  2024-07-09 15:46:16 INFO  TestBase:55 - this verifydisposerBar method 
  2024-07-09 15:47:10 INFO  TestBase:18 - invoking homepage the page factory
  2024-07-09 15:47:10 INFO  TestBase:13 - invoking residential the page factory
  2024-07-09 15:47:11 INFO  TestBase:55 - this verifydisposerBar method 
  2024-07-09 15:50:10 INFO  TestBase:18 - invoking homepage the page factory
  2024-07-09 15:50:10 INFO  TestBase:13 - invoking residential the page factory
  2024-07-09 15:50:10 INFO  TestBase:55 - this verifydisposerBar method 
  2024-07-09 16:08:46 INFO  TestBase:18 - invoking homepage the page factory
  2024-07-09 16:09:17 INFO  TestBase:18 - invoking homepage the page factory
  2024-07-09 16:10:57 INFO  TestBase:18 - invoking homepage the page factory
  2024-07-09 16:13:57 INFO  TestBase:18 - invoking homepage the page factory
  2024-07-09 16:13:57 INFO  TestBase:13 - invoking residential the page factory
  2024-07-09 16:13:57 INFO  TestBase:50 - this verifyProductBar method 
  2024-07-09 16:13:57 INFO  TestBase:13 - invoking residential the page factory
  2024-07-09 16:15:11 INFO  TestBase:18 - invoking homepage the page factory
  2024-07-09 16:15:12 INFO  TestBase:13 - invoking residential the page factory
  2024-07-09 16:15:12 INFO  TestBase:50 - this verifyProductBar method 
  2024-07-09 16:15:12 INFO  TestBase:13 - invoking residential the page factory
  2024-07-09 16:23:53 INFO  TestBase:19 - invoking homepage the page factory
  2024-07-09 16:23:53 INFO  TestBase:13 - invoking residential the page factory
  2024-07-09 16:23:54 INFO  TestBase:62 - this for feed back method 
  2024-07-09 16:43:49 INFO  TestBase:19 - invoking homepage the page factory
  2024-07-09 16:43:49 INFO  TestBase:13 - invoking residential the page factory
  2024-07-09 16:43:49 INFO  TestBase:50 - this verifyProductBar method 
  2024-07-09 16:43:49 INFO  TestBase:13 - invoking residential the page factory
  2024-07-09 16:45:50 INFO  TestBase:19 - invoking homepage the page factory
  2024-07-09 16:45:50 INFO  TestBase:13 - invoking residential the page factory
  2024-07-09 16:45:51 INFO  TestBase:59 - commercial page  method call
  2024-07-09 16:51:20 INFO  TestBase:19 - invoking homepage the page factory
  2024-07-09 16:51:20 INFO  TestBase:13 - invoking residential the page factory
  2024-07-09 16:51:20 INFO  TestBase:37 -  get title from homepageTest class....
  2024-07-09 16:51:20 INFO  TestBase:65 - returning get title....
  2024-07-09 16:51:29 INFO  TestBase:19 - invoking homepage the page factory
  2024-07-09 16:51:29 INFO  TestBase:13 - invoking residential the page factory
  2024-07-09 16:51:29 INFO  TestBase:71 - this for feed back method 
  2024-07-09 16:51:59 INFO  TestBase:19 - invoking homepage the page factory
  2024-07-09 16:51:59 INFO  TestBase:13 - invoking residential the page factory
  2024-07-09 16:51:59 INFO  TestBase:45 - this verifyProductIcon method 
  2024-07-09 16:52:00 INFO  TestBase:70 -  get product icon....
  2024-07-09 16:52:16 INFO  TestBase:19 - invoking homepage the page factory
  2024-07-09 16:52:16 INFO  TestBase:13 - invoking residential the page factory
  2024-07-09 16:52:16 INFO  TestBase:53 - this verifyProductBar method 
  2024-07-09 16:52:17 INFO  TestBase:13 - invoking residential the page factory
  2024-07-09 16:52:29 INFO  TestBase:19 - invoking homepage the page factory
  2024-07-09 16:52:29 INFO  TestBase:13 - invoking residential the page factory
  2024-07-09 16:52:29 INFO  TestBase:59 - commercial page  method call
  2024-07-09 16:52:49 INFO  TestBase:19 - invoking homepage the page factory
  2024-07-09 16:52:49 INFO  TestBase:13 - invoking residential the page factory
  2024-07-09 16:52:49 INFO  TestBase:65 - this verifydisposerBar method 
  2024-07-09 16:53:22 INFO  TestBase:19 - invoking homepage the page factory
  2024-07-09 16:53:22 INFO  TestBase:13 - invoking residential the page factory
  2024-07-09 16:53:22 INFO  TestBase:13 - invoking residential the page factory
  2024-07-09 16:53:22 INFO  TestBase:31 -  get title from homepageTest class....
  2024-07-09 16:53:58 INFO  TestBase:19 - invoking homepage the page factory
  2024-07-09 16:53:58 INFO  TestBase:13 - invoking residential the page factory
  2024-07-09 16:53:59 INFO  TestBase:13 - invoking residential the page factory
  2024-07-09 16:53:59 INFO  TestBase:38 - this verifyRangeBrochure  method ....
  2024-07-09 16:53:59 INFO  TestBase:25 - clicking on range brochure box...
  2024-07-09 16:54:22 INFO  TestBase:19 - invoking homepage the page factory
  2024-07-09 16:54:26 INFO  TestBase:29 - this verify disposer title method 
  2024-07-09 16:54:45 INFO  TestBase:19 - invoking homepage the page factory
  2024-07-09 16:54:48 INFO  TestBase:40 - this for solution method 
  2024-07-09 17:22:13 INFO  TestBase:19 - invoking homepage the page factory
  2024-07-09 17:22:14 INFO  TestBase:28 - this commercial RangeBrochure  method ....
  2024-07-09 17:23:39 INFO  TestBase:19 - invoking homepage the page factory
  2024-07-09 17:23:49 INFO  TestBase:28 - this commercial RangeBrochure  method ....
  2024-07-09 17:24:02 INFO  TestBase:19 - invoking homepage the page factory
  2024-07-09 17:24:02 INFO  TestBase:13 - invoking residential the page factory
  2024-07-09 17:24:02 INFO  TestBase:37 -  get title from homepageTest class....
  2024-07-09 17:24:02 INFO  TestBase:65 - returning get title....
  2024-07-09 17:24:14 INFO  TestBase:19 - invoking homepage the page factory
  2024-07-09 17:24:14 INFO  TestBase:13 - invoking residential the page factory
  2024-07-09 17:24:14 INFO  TestBase:71 - this for feed back method 
  2024-07-09 17:24:26 INFO  TestBase:19 - invoking homepage the page factory
  2024-07-09 17:24:27 INFO  TestBase:13 - invoking residential the page factory
  2024-07-09 17:24:27 INFO  TestBase:45 - this verifyProductIcon method 
  2024-07-09 17:24:27 INFO  TestBase:70 -  get product icon....
  2024-07-09 17:24:29 INFO  TestBase:27 - test fail msg...
  2024-07-09 17:24:29 INFO  TestBase:24 - this is fail test method from util class
  2024-07-09 17:24:58 INFO  TestBase:19 - invoking homepage the page factory
  2024-07-09 17:24:58 INFO  TestBase:13 - invoking residential the page factory
  2024-07-09 17:24:58 INFO  TestBase:53 - this verifyProductBar method 
  2024-07-09 17:24:58 INFO  TestBase:13 - invoking residential the page factory
  2024-07-09 17:25:13 INFO  TestBase:19 - invoking homepage the page factory
  2024-07-09 17:25:13 INFO  TestBase:13 - invoking residential the page factory
  2024-07-09 17:25:13 INFO  TestBase:59 - commercial page  method call
  2024-07-09 17:25:25 INFO  TestBase:19 - invoking homepage the page factory
  2024-07-09 17:25:25 INFO  TestBase:13 - invoking residential the page factory
  2024-07-09 17:25:25 INFO  TestBase:65 - this verifydisposerBar method 
  2024-07-09 17:25:42 INFO  TestBase:19 - invoking homepage the page factory
  2024-07-09 17:25:42 INFO  TestBase:13 - invoking residential the page factory
  2024-07-09 17:25:43 INFO  TestBase:13 - invoking residential the page factory
  2024-07-09 17:25:43 INFO  TestBase:32 -  get title from homepageTest class....
  2024-07-09 17:26:19 INFO  TestBase:19 - invoking homepage the page factory
  2024-07-09 17:26:19 INFO  TestBase:13 - invoking residential the page factory
  2024-07-09 17:26:19 INFO  TestBase:13 - invoking residential the page factory
  2024-07-09 17:26:19 INFO  TestBase:39 - this verifyRangeBrochure  method ....
  2024-07-09 17:26:19 INFO  TestBase:25 - clicking on range brochure box...
  2024-07-09 17:26:53 INFO  TestBase:19 - invoking homepage the page factory
  2024-07-09 17:26:57 INFO  TestBase:30 - this verify disposer title method 
  2024-07-09 17:27:12 INFO  TestBase:19 - invoking homepage the page factory
  2024-07-09 17:27:15 INFO  TestBase:41 - this for solution method 
  