2024-06-28 12:42:02 INFO  TestBase:40 - Browser launchchrome
  2024-06-28 12:42:14 INFO  TestBase:27 - invoke the setup method
  2024-06-28 12:42:17 INFO  TestBase:40 - Browser launchchrome
  2024-06-28 12:42:30 INFO  TestBase:27 - invoke the setup method
  2024-06-28 12:42:33 INFO  TestBase:40 - Browser launchchrome
  2024-06-28 12:42:37 INFO  TestBase:27 - invoke the setup method
  2024-06-28 12:50:40 INFO  TestBase:40 - Browser launchchrome
  2024-06-28 12:50:50 INFO  TestBase:57 - entering application url :https://opensource-demo.orangehrmlive.com/
  2024-06-28 12:50:50 INFO  TestBase:27 - invoke the setup method
  2024-06-28 12:50:52 INFO  TestBase:12 - invoking the page factory
  2024-06-28 12:50:52 INFO  TestBase:36 - inside verifyHomePageTitle method  
  2024-06-28 12:50:52 INFO  TestBase:26 - returning get title....
  2024-06-28 12:50:53 INFO  TestBase:40 - Browser launchchrome
  2024-06-28 12:51:04 INFO  TestBase:57 - entering application url :https://opensource-demo.orangehrmlive.com/
  2024-06-28 12:51:04 INFO  TestBase:27 - invoke the setup method
  2024-06-28 12:51:07 INFO  TestBase:12 - invoking the page factory
  2024-06-28 12:51:07 INFO  TestBase:40 - Browser launchchrome
  2024-06-28 12:51:16 INFO  TestBase:57 - entering application url :https://opensource-demo.orangehrmlive.com/
  2024-06-28 12:51:16 INFO  TestBase:27 - invoke the setup method
  2024-06-28 12:51:19 INFO  TestBase:12 - invoking the page factory
  2024-06-28 12:51:21 INFO  TestBase:40 - Browser launchchrome
  2024-06-28 12:51:23 INFO  TestBase:57 - entering application url :https://opensource-demo.orangehrmlive.com/
  2024-06-28 12:51:23 INFO  TestBase:27 - invoke the setup method
  2024-06-28 12:51:36 INFO  TestBase:12 - invoking the page factory
  2024-06-28 14:25:46 INFO  TestBase:40 - Browser launchchrome
  2024-06-28 14:28:07 INFO  TestBase:40 - Browser launchchrome
  2024-06-28 16:28:57 INFO  TestBase:40 - Browser launchchrome
  2024-06-28 16:29:03 INFO  TestBase:57 - entering application url :https://opensource-demo.orangehrmlive.com/
  2024-06-28 16:29:03 INFO  TestBase:12 - invoking the page factory
  2024-06-28 16:29:15 INFO  TestBase:12 - invoking the page factory
  2024-06-28 16:29:18 INFO  TestBase:40 - Browser launchchrome
  2024-06-28 16:29:28 INFO  TestBase:57 - entering application url :https://opensource-demo.orangehrmlive.com/
  2024-06-28 16:29:28 INFO  TestBase:12 - invoking the page factory
  2024-06-28 16:29:31 INFO  TestBase:12 - invoking the page factory
  2024-06-28 16:29:34 INFO  TestBase:40 - Browser launchchrome
  2024-06-28 16:29:44 INFO  TestBase:57 - entering application url :https://opensource-demo.orangehrmlive.com/
  2024-06-28 16:29:44 INFO  TestBase:25 - invoke the setup method
  2024-06-28 16:29:45 INFO  TestBase:12 - invoking the page factory
  2024-06-28 16:29:45 INFO  TestBase:34 - inside verifyHomePageTitle method  
  2024-06-28 16:29:45 INFO  TestBase:26 - returning get title....
  2024-06-28 16:29:45 INFO  TestBase:40 - Browser launchchrome
  2024-06-28 16:29:55 INFO  TestBase:57 - entering application url :https://opensource-demo.orangehrmlive.com/
  2024-06-28 16:29:55 INFO  TestBase:25 - invoke the setup method
  2024-06-28 16:29:57 INFO  TestBase:12 - invoking the page factory
  2024-06-28 16:29:57 INFO  TestBase:40 - Browser launchchrome
  2024-06-28 16:30:09 INFO  TestBase:57 - entering application url :https://opensource-demo.orangehrmlive.com/
  2024-06-28 16:30:09 INFO  TestBase:25 - invoke the setup method
  2024-06-28 16:30:13 INFO  TestBase:12 - invoking the page factory
  2024-06-28 16:30:33 INFO  TestBase:40 - Browser launchchrome
  2024-06-28 16:30:42 INFO  TestBase:57 - entering application url :https://opensource-demo.orangehrmlive.com/
  2024-06-28 16:30:42 INFO  TestBase:25 - invoke the setup method
  2024-06-28 16:30:43 INFO  TestBase:12 - invoking the page factory
  2024-06-28 16:30:49 INFO  TestBase:40 - Browser launchchrome
  2024-06-28 16:30:56 INFO  TestBase:57 - entering application url :https://opensource-demo.orangehrmlive.com/
  2024-06-28 16:30:56 INFO  TestBase:40 - Browser launchchrome
  2024-06-28 16:31:02 INFO  TestBase:57 - entering application url :https://opensource-demo.orangehrmlive.com/
  2024-06-28 16:31:03 INFO  TestBase:40 - Browser launchchrome
  2024-06-28 16:31:09 INFO  TestBase:57 - entering application url :https://opensource-demo.orangehrmlive.com/
  2024-06-28 16:31:11 INFO  TestBase:12 - invoking the page factory
  2024-06-28 16:52:38 INFO  TestBase:40 - Browser launchchrome
  2024-06-28 16:52:44 INFO  TestBase:57 - entering application url :https://opensource-demo.orangehrmlive.com/
  2024-06-28 16:52:44 INFO  TestBase:12 - invoking the page factory
  2024-06-28 16:52:46 INFO  TestBase:12 - invoking the page factory
  2024-06-28 16:52:49 INFO  TestBase:40 - Browser launchchrome
  2024-06-28 16:52:54 INFO  TestBase:57 - entering application url :https://opensource-demo.orangehrmlive.com/
  2024-06-28 16:52:54 INFO  TestBase:12 - invoking the page factory
  2024-06-28 16:52:56 INFO  TestBase:12 - invoking the page factory
  2024-06-28 16:52:58 INFO  TestBase:40 - Browser launchchrome
  2024-06-28 16:53:04 INFO  TestBase:57 - entering application url :https://opensource-demo.orangehrmlive.com/
  2024-06-28 16:53:04 INFO  TestBase:25 - invoke the setup method
  2024-06-28 16:53:06 INFO  TestBase:12 - invoking the page factory
  2024-06-28 16:53:06 INFO  TestBase:34 - inside verifyHomePageTitle method  
  2024-06-28 16:53:06 INFO  TestBase:26 - returning get title....
  2024-06-28 16:53:06 INFO  TestBase:40 - Browser launchchrome
  2024-06-28 16:53:11 INFO  TestBase:57 - entering application url :https://opensource-demo.orangehrmlive.com/
  2024-06-28 16:53:11 INFO  TestBase:25 - invoke the setup method
  2024-06-28 16:53:13 INFO  TestBase:12 - invoking the page factory
  2024-06-28 16:53:14 INFO  TestBase:40 - Browser launchchrome
  2024-06-28 16:53:18 INFO  TestBase:57 - entering application url :https://opensource-demo.orangehrmlive.com/
  2024-06-28 16:53:18 INFO  TestBase:25 - invoke the setup method
  2024-06-28 16:53:22 INFO  TestBase:12 - invoking the page factory
  2024-06-28 16:53:25 INFO  TestBase:40 - Browser launchchrome
  2024-06-28 16:53:30 INFO  TestBase:57 - entering application url :https://opensource-demo.orangehrmlive.com/
  2024-06-28 16:53:30 INFO  TestBase:25 - invoke the setup method
  2024-06-28 16:53:32 INFO  TestBase:12 - invoking the page factory
  2024-06-28 16:53:34 INFO  TestBase:40 - Browser launchchrome
  2024-06-28 16:53:40 INFO  TestBase:57 - entering application url :https://opensource-demo.orangehrmlive.com/
  2024-06-28 16:53:40 INFO  TestBase:40 - Browser launchchrome
  2024-06-28 16:53:45 INFO  TestBase:57 - entering application url :https://opensource-demo.orangehrmlive.com/
  2024-06-28 16:53:45 INFO  TestBase:40 - Browser launchchrome
  2024-06-28 16:53:55 INFO  TestBase:57 - entering application url :https://opensource-demo.orangehrmlive.com/
  2024-06-28 16:53:57 INFO  TestBase:12 - invoking the page factory
  2024-06-28 21:08:02 INFO  TestBase:44 - Browser launchnull
  2024-06-28 21:08:03 INFO  TestBase:44 - Browser launchnull
  2024-06-28 21:08:03 INFO  TestBase:44 - Browser launchnull
  2024-06-28 21:09:24 INFO  TestBase:44 - Browser launchnull
  2024-06-28 21:09:25 INFO  TestBase:44 - Browser launchnull
  2024-06-28 21:09:25 INFO  TestBase:44 - Browser launchnull
  2024-06-28 21:10:10 INFO  TestBase:44 - Browser launchnull
  2024-06-28 21:15:16 INFO  TestBase:44 - Browser launchnull
  2024-06-28 21:16:12 INFO  TestBase:44 - Browser launchnull
  2024-06-28 21:18:57 INFO  TestBase:44 - Browser launchnull
  2024-06-28 21:19:22 INFO  TestBase:44 - Browser launchnull
  2024-06-28 21:21:22 INFO  TestBase:44 - Browser launchchrome
  2024-06-28 21:21:28 INFO  TestBase:61 - entering application url :https://opensource-demo.orangehrmlive.com/
  2024-06-28 21:21:28 INFO  TestBase:44 - Browser launchchrome
  2024-06-28 21:21:33 INFO  TestBase:61 - entering application url :https://opensource-demo.orangehrmlive.com/
  2024-06-28 21:21:36 INFO  TestBase:12 - invoking the page factory
  2024-06-28 21:21:36 INFO  TestBase:44 - Browser launchchrome
  2024-06-28 21:21:41 INFO  TestBase:61 - entering application url :https://opensource-demo.orangehrmlive.com/
  2024-06-28 21:23:50 INFO  TestBase:44 - Browser launchchrome
  2024-06-28 21:23:56 INFO  TestBase:61 - entering application url :https://opensource-demo.orangehrmlive.com/
  2024-06-28 21:23:56 INFO  TestBase:12 - invoking the page factory
  2024-06-28 21:23:57 INFO  TestBase:12 - invoking the page factory
  2024-06-28 21:24:01 INFO  TestBase:44 - Browser launchchrome
  2024-06-28 21:24:08 INFO  TestBase:61 - entering application url :https://opensource-demo.orangehrmlive.com/
  2024-06-28 21:24:08 INFO  TestBase:12 - invoking the page factory
  2024-06-28 21:24:10 INFO  TestBase:12 - invoking the page factory
  2024-06-28 21:24:12 INFO  TestBase:44 - Browser launchchrome
  2024-06-28 21:24:22 INFO  TestBase:61 - entering application url :https://opensource-demo.orangehrmlive.com/
  2024-06-28 21:24:22 INFO  TestBase:25 - invoke the setup method
  2024-06-28 21:24:25 INFO  TestBase:12 - invoking the page factory
  2024-06-28 21:24:25 INFO  TestBase:34 - inside verifyHomePageTitle method  
  2024-06-28 21:24:25 INFO  TestBase:26 - returning get title....
  2024-06-28 21:24:25 INFO  TestBase:44 - Browser launchchrome
  2024-06-28 21:24:37 INFO  TestBase:61 - entering application url :https://opensource-demo.orangehrmlive.com/
  2024-06-28 21:24:37 INFO  TestBase:25 - invoke the setup method
  2024-06-28 21:24:38 INFO  TestBase:12 - invoking the page factory
  2024-06-28 21:24:40 INFO  TestBase:44 - Browser launchchrome
  2024-06-28 21:25:03 INFO  TestBase:44 - Browser launchchrome
  2024-06-28 21:25:25 INFO  TestBase:61 - entering application url :https://opensource-demo.orangehrmlive.com/
  2024-06-28 21:25:25 INFO  TestBase:44 - Browser launchchrome
  2024-06-28 21:25:46 INFO  TestBase:61 - entering application url :https://opensource-demo.orangehrmlive.com/
  2024-06-28 21:25:47 INFO  TestBase:44 - Browser launchchrome
  2024-06-28 21:25:50 INFO  TestBase:61 - entering application url :https://opensource-demo.orangehrmlive.com/
  2024-06-28 21:26:00 INFO  TestBase:12 - invoking the page factory
  2024-06-28 21:33:11 INFO  TestBase:46 - Browser launchchrome
  2024-06-28 21:33:16 INFO  TestBase:63 - entering application url :https://opensource-demo.orangehrmlive.com/
  2024-06-28 21:33:16 INFO  TestBase:12 - invoking the page factory
  2024-06-28 21:33:28 INFO  TestBase:12 - invoking the page factory
  2024-06-28 21:33:34 INFO  TestBase:46 - Browser launchchrome
  2024-06-28 21:33:42 INFO  TestBase:63 - entering application url :https://opensource-demo.orangehrmlive.com/
  2024-06-28 21:33:42 INFO  TestBase:12 - invoking the page factory
  2024-06-28 21:33:44 INFO  TestBase:12 - invoking the page factory
  2024-06-28 21:33:46 INFO  TestBase:46 - Browser launchchrome
  2024-06-28 21:33:57 INFO  TestBase:63 - entering application url :https://opensource-demo.orangehrmlive.com/
  2024-06-28 21:33:57 INFO  TestBase:25 - invoke the setup method
  2024-06-28 21:34:00 INFO  TestBase:12 - invoking the page factory
  2024-06-28 21:34:00 INFO  TestBase:34 - inside verifyHomePageTitle method  
  2024-06-28 21:34:00 INFO  TestBase:26 - returning get title....
  2024-06-28 21:34:00 INFO  TestBase:46 - Browser launchchrome
  2024-06-28 21:34:22 INFO  TestBase:46 - Browser launchchrome
  2024-06-28 21:34:35 INFO  TestBase:63 - entering application url :https://opensource-demo.orangehrmlive.com/
  2024-06-28 21:34:35 INFO  TestBase:46 - Browser launchchrome
  2024-06-28 21:46:24 INFO  TestBase:45 - Browser launchchrome
  2024-06-28 21:46:36 INFO  TestBase:62 - entering application url :https://opensource-demo.orangehrmlive.com/
  2024-06-28 21:46:36 INFO  TestBase:12 - invoking the page factory
  2024-06-28 21:46:37 INFO  TestBase:12 - invoking the page factory
  2024-06-28 21:46:40 INFO  TestBase:45 - Browser launchchrome
  2024-06-28 21:47:01 INFO  TestBase:62 - entering application url :https://opensource-demo.orangehrmlive.com/
  2024-06-28 21:47:01 INFO  TestBase:12 - invoking the page factory
  2024-06-28 21:47:04 INFO  TestBase:12 - invoking the page factory
  2024-06-28 21:47:07 INFO  TestBase:45 - Browser launchchrome
  2024-06-28 21:47:19 INFO  TestBase:62 - entering application url :https://opensource-demo.orangehrmlive.com/
  2024-06-28 21:47:19 INFO  TestBase:25 - invoke the setup method
  2024-06-28 21:47:23 INFO  TestBase:12 - invoking the page factory
  2024-06-28 21:47:23 INFO  TestBase:34 - inside verifyHomePageTitle method  
  2024-06-28 21:47:23 INFO  TestBase:26 - returning get title....
  2024-06-28 21:47:23 INFO  TestBase:45 - Browser launchchrome
  2024-06-28 21:47:30 INFO  TestBase:62 - entering application url :https://opensource-demo.orangehrmlive.com/
  2024-06-28 21:47:30 INFO  TestBase:25 - invoke the setup method
  2024-06-28 21:47:32 INFO  TestBase:12 - invoking the page factory
  2024-06-28 21:47:33 INFO  TestBase:45 - Browser launchchrome
  2024-06-28 21:47:36 INFO  TestBase:62 - entering application url :https://opensource-demo.orangehrmlive.com/
  2024-06-28 21:47:36 INFO  TestBase:25 - invoke the setup method
  2024-06-28 21:47:50 INFO  TestBase:12 - invoking the page factory
  2024-06-28 21:47:52 INFO  TestBase:45 - Browser launchchrome
  2024-06-28 21:48:04 INFO  TestBase:62 - entering application url :https://opensource-demo.orangehrmlive.com/
  2024-06-28 21:48:04 INFO  TestBase:25 - invoke the setup method
  2024-06-28 21:48:09 INFO  TestBase:12 - invoking the page factory
  2024-06-28 21:48:12 INFO  TestBase:45 - Browser launchchrome
  2024-06-28 21:48:24 INFO  TestBase:62 - entering application url :https://opensource-demo.orangehrmlive.com/
  2024-06-28 21:48:24 INFO  TestBase:45 - Browser launchchrome
  2024-06-28 21:48:41 INFO  TestBase:62 - entering application url :https://opensource-demo.orangehrmlive.com/
  2024-06-28 21:48:43 INFO  TestBase:45 - Browser launchchrome
  2024-06-28 21:49:04 INFO  TestBase:62 - entering application url :https://opensource-demo.orangehrmlive.com/
  2024-06-28 21:49:07 INFO  TestBase:12 - invoking the page factory
  2024-07-08 17:15:12 INFO  TestBase:45 - Browser launchchrome
  2024-07-08 17:15:14 INFO  TestBase:62 - entering application url :https://opensource-demo.orangehrmlive.com/
  2024-07-08 17:15:14 INFO  TestBase:25 - invoke the setup method
  2024-07-08 17:16:21 INFO  TestBase:45 - Browser launchchrome
  